<?xml version="1.0" encoding="UTF-8" ?>
<testsuite errors="5" failures="5" hostname="joao-Inspiron-7460" name="br.distribuida.ct.game.ChungToiImplTest" skipped="0" tests="10" time="0.468" timestamp="2017-10-26T23:06:06">
  <properties>
[...]
</properties>
  <testcase classname="br.distribuida.ct.game.ChungToiImplTest" name="testObtemOponente" time="0.387">
    <failure message="expected:&lt;&gt; but was:&lt;null&gt;" type="junit.framework.AssertionFailedError">junit.framework.AssertionFailedError: expected:&lt;&gt; but was:&lt;null&gt;
	at br.distribuida.ct.game.ChungToiImplTest.testObtemOponente(ChungToiImplTest.java:111)
</failure>
  </testcase>
  <testcase classname="br.distribuida.ct.game.ChungToiImplTest" name="testPosicionaPeca" time="0.003">
    <error message="Not supported yet." type="java.lang.UnsupportedOperationException">java.lang.UnsupportedOperationException: Not supported yet.
	at br.distribuida.ct.game.ChungToiImpl.posicionaPeca(ChungToiImpl.java:296)
	at br.distribuida.ct.game.ChungToiImplTest.testPosicionaPeca(ChungToiImplTest.java:142)
</error>
  </testcase>
  <testcase classname="br.distribuida.ct.game.ChungToiImplTest" name="testPreRegistro" time="0.002">
    <error message="Not supported yet." type="java.lang.UnsupportedOperationException">java.lang.UnsupportedOperationException: Not supported yet.
	at br.distribuida.ct.game.ChungToiImpl.preRegistro(ChungToiImpl.java:286)
	at br.distribuida.ct.game.ChungToiImplTest.testPreRegistro(ChungToiImplTest.java:191)
</error>
  </testcase>
  <testcase classname="br.distribuida.ct.game.ChungToiImplTest" name="testMovePeca" time="0.002">
    <error message="Not supported yet." type="java.lang.UnsupportedOperationException">java.lang.UnsupportedOperationException: Not supported yet.
	at br.distribuida.ct.game.ChungToiImpl.movePeca(ChungToiImpl.java:301)
	at br.distribuida.ct.game.ChungToiImplTest.testMovePeca(ChungToiImplTest.java:161)
</error>
  </testcase>
  <testcase classname="br.distribuida.ct.game.ChungToiImplTest" name="testEhMinhaVez" time="0.005">
    <error message="Not supported yet." type="java.lang.UnsupportedOperationException">java.lang.UnsupportedOperationException: Not supported yet.
	at br.distribuida.ct.game.ChungToiImpl.ehMinhaVez(ChungToiImpl.java:291)
	at br.distribuida.ct.game.ChungToiImplTest.testEhMinhaVez(ChungToiImplTest.java:95)
</error>
  </testcase>
  <testcase classname="br.distribuida.ct.game.ChungToiImplTest" name="testRegistraJogador" time="0.002">
    <failure message="expected:&lt;0&gt; but was:&lt;1&gt;" type="junit.framework.AssertionFailedError">junit.framework.AssertionFailedError: expected:&lt;0&gt; but was:&lt;1&gt;
	at br.distribuida.ct.game.ChungToiImplTest.testRegistraJogador(ChungToiImplTest.java:51)
</failure>
  </testcase>
  <testcase classname="br.distribuida.ct.game.ChungToiImplTest" name="testObtemTabuleiro" time="0.001">
    <failure message="expected:&lt;&gt; but was:&lt;null&gt;" type="junit.framework.AssertionFailedError">junit.framework.AssertionFailedError: expected:&lt;&gt; but was:&lt;null&gt;
	at br.distribuida.ct.game.ChungToiImplTest.testObtemTabuleiro(ChungToiImplTest.java:126)
</failure>
  </testcase>
  <testcase classname="br.distribuida.ct.game.ChungToiImplTest" name="testEncerraPartida" time="0.002">
    <error type="java.lang.NullPointerException">java.lang.NullPointerException
	at br.distribuida.ct.game.ChungToiImpl.encerraPartida(ChungToiImpl.java:52)
	at br.distribuida.ct.game.ChungToiImplTest.testEncerraPartida(ChungToiImplTest.java:65)
</error>
  </testcase>
  <testcase classname="br.distribuida.ct.game.ChungToiImplTest" name="testServerInfo" time="0.001">
    <failure message="The test case is a prototype." type="junit.framework.AssertionFailedError">junit.framework.AssertionFailedError: The test case is a prototype.
	at br.distribuida.ct.game.ChungToiImplTest.testServerInfo(ChungToiImplTest.java:176)
</failure>
  </testcase>
  <testcase classname="br.distribuida.ct.game.ChungToiImplTest" name="testTemPartida" time="0.001">
    <failure message="The test case is a prototype." type="junit.framework.AssertionFailedError">junit.framework.AssertionFailedError: The test case is a prototype.
	at br.distribuida.ct.game.ChungToiImplTest.testTemPartida(ChungToiImplTest.java:83)
</failure>
  </testcase>
  <system-out><![CDATA[obtemOponente
posicionaPeca
preRegistro
movePeca
ehMinhaVez
registraJogador
obtemTabuleiro
encerraPartida
serverInfo
Register players: 

Matches: 

temPartida
]]></system-out>
  <system-err><![CDATA[]]></system-err>
</testsuite>
